<?xml version="1.0" encoding="UTF-8"?>
<testng-results ignored="0" total="3" passed="1" failed="2" skipped="0">
  <reporter-output>
  </reporter-output>
  <suite started-at="2026-06-25T15:42:11 IST" name="Default suite" finished-at="2026-06-25T15:43:13 IST" duration-ms="62166">
    <groups>
    </groups>
    <test started-at="2026-06-25T15:42:11 IST" name="Default test" finished-at="2026-06-25T15:43:13 IST" duration-ms="62166">
      <class name="LoginTest.LoginTest">
        <test-method is-config="true" signature="setup()[pri:0, instance:LoginTest.LoginTest@5c6648b0]" started-at="2026-06-25T15:42:11 IST" name="setup" finished-at="2026-06-25T15:42:19 IST" duration-ms="8225" status="PASS">
          <reporter-output>
          </reporter-output>
        </test-method> <!-- setup -->
        <test-method signature="verifyLogin()[pri:0, instance:LoginTest.LoginTest@5c6648b0]" started-at="2026-06-25T15:42:19 IST" name="verifyLogin" finished-at="2026-06-25T15:42:24 IST" duration-ms="4622" status="PASS">
          <reporter-output>
          </reporter-output>
        </test-method> <!-- verifyLogin -->
        <test-method is-config="true" signature="teardwon()[pri:0, instance:LoginTest.LoginTest@5c6648b0]" started-at="2026-06-25T15:42:24 IST" name="teardwon" finished-at="2026-06-25T15:42:24 IST" duration-ms="329" status="PASS">
          <reporter-output>
          </reporter-output>
        </test-method> <!-- teardwon -->
      </class> <!-- LoginTest.LoginTest -->
      <class name="LoginTest.deshBoadTest">
        <test-method is-config="true" signature="setup()[pri:0, instance:LoginTest.deshBoadTest@1d296da]" started-at="2026-06-25T15:42:24 IST" name="setup" finished-at="2026-06-25T15:42:28 IST" duration-ms="3654" status="PASS">
          <reporter-output>
          </reporter-output>
        </test-method> <!-- setup -->
        <test-method signature="dealertTest()[pri:0, instance:LoginTest.deshBoadTest@1d296da]" started-at="2026-06-25T15:42:28 IST" name="dealertTest" finished-at="2026-06-25T15:42:32 IST" duration-ms="4604" status="FAIL">
          <exception class="java.lang.IllegalMonitorStateException">
            <message>
              <![CDATA[current thread is not owner]]>
            </message>
            <full-stacktrace>
              <![CDATA[java.lang.IllegalMonitorStateException: current thread is not owner
at java.base/java.lang.Object.wait(Native Method)
at pageclass.deshBoadPage.<init>(deshBoadPage.java:25)
at LoginTest.deshBoadTest.dealertTest(deshBoadTest.java:20)
at java.base/jdk.internal.reflect.NativeMethodAccessorImpl.invoke0(Native Method)
at java.base/jdk.internal.reflect.NativeMethodAccessorImpl.invoke(NativeMethodAccessorImpl.java:77)
at java.base/jdk.internal.reflect.DelegatingMethodAccessorImpl.invoke(DelegatingMethodAccessorImpl.java:43)
at java.base/java.lang.reflect.Method.invoke(Method.java:568)
at org.testng.internal.invokers.MethodInvocationHelper.invokeMethod(MethodInvocationHelper.java:141)
at org.testng.internal.invokers.TestInvoker.invokeMethod(TestInvoker.java:687)
at org.testng.internal.invokers.TestInvoker.invokeTestMethod(TestInvoker.java:230)
at org.testng.internal.invokers.MethodRunner.runInSequence(MethodRunner.java:63)
at org.testng.internal.invokers.TestInvoker$MethodInvocationAgent.invoke(TestInvoker.java:995)
at org.testng.internal.invokers.TestInvoker.invokeTestMethods(TestInvoker.java:203)
at org.testng.internal.invokers.TestMethodWorker.invokeTestMethods(TestMethodWorker.java:154)
at org.testng.internal.invokers.TestMethodWorker.run(TestMethodWorker.java:134)
at java.base/java.util.ArrayList.forEach(ArrayList.java:1511)
at org.testng.TestRunner.privateRun(TestRunner.java:741)
at org.testng.TestRunner.run(TestRunner.java:616)
at org.testng.SuiteRunner.runTest(SuiteRunner.java:421)
at org.testng.SuiteRunner.runSequentially(SuiteRunner.java:413)
at org.testng.SuiteRunner.privateRun(SuiteRunner.java:373)
at org.testng.SuiteRunner.run(SuiteRunner.java:312)
at org.testng.SuiteRunnerWorker.runSuite(SuiteRunnerWorker.java:52)
at org.testng.SuiteRunnerWorker.run(SuiteRunnerWorker.java:95)
at org.testng.TestNG.runSuitesSequentially(TestNG.java:1274)
at org.testng.TestNG.runSuitesLocally(TestNG.java:1208)
at org.testng.TestNG.runSuites(TestNG.java:1112)
at org.testng.TestNG.run(TestNG.java:1079)
at org.testng.remote.AbstractRemoteTestNG.run(AbstractRemoteTestNG.java:115)
at org.testng.remote.RemoteTestNG.initAndRun(RemoteTestNG.java:293)
at org.testng.remote.RemoteTestNG.main(RemoteTestNG.java:91)
]]>
            </full-stacktrace>
          </exception> <!-- java.lang.IllegalMonitorStateException -->
          <reporter-output>
          </reporter-output>
        </test-method> <!-- dealertTest -->
        <test-method is-config="true" signature="teardwon()[pri:0, instance:LoginTest.deshBoadTest@1d296da]" started-at="2026-06-25T15:42:32 IST" name="teardwon" finished-at="2026-06-25T15:42:33 IST" duration-ms="365" status="PASS">
          <reporter-output>
          </reporter-output>
        </test-method> <!-- teardwon -->
      </class> <!-- LoginTest.deshBoadTest -->
      <class name="LoginTest.EmployeeTest">
        <test-method is-config="true" signature="setup()[pri:0, instance:LoginTest.EmployeeTest@7c7a06ec]" started-at="2026-06-25T15:42:33 IST" name="setup" finished-at="2026-06-25T15:42:36 IST" duration-ms="3809" status="PASS">
          <reporter-output>
          </reporter-output>
        </test-method> <!-- setup -->
        <test-method signature="empdata()[pri:0, instance:LoginTest.EmployeeTest@7c7a06ec]" started-at="2026-06-25T15:42:36 IST" name="empdata" finished-at="2026-06-25T15:43:13 IST" duration-ms="36141" status="FAIL">
          <exception class="com.microsoft.playwright.TimeoutError">
            <message>
              <![CDATA[Error {
  message='Timeout 30000ms exceeded.
  name='TimeoutError
  stack='TimeoutError: Timeout 30000ms exceeded.
    at ProgressController.run (C:\Users\Admin\AppData\Local\Temp\playwright-java-17670196142093356802\package\lib\server\progress.js:75:26)
    at Frame.check (C:\Users\Admin\AppData\Local\Temp\playwright-java-17670196142093356802\package\lib\server\frames.js:1215:23)
    at FrameDispatcher.check (C:\Users\Admin\AppData\Local\Temp\playwright-java-17670196142093356802\package\lib\server\dispatchers\frameDispatcher.js:255:30)
    at FrameDispatcher._handleCommand (C:\Users\Admin\AppData\Local\Temp\playwright-java-17670196142093356802\package\lib\server\dispatchers\dispatcher.js:94:40)
    at DispatcherConnection.dispatch (C:\Users\Admin\AppData\Local\Temp\playwright-java-17670196142093356802\package\lib\server\dispatchers\dispatcher.js:361:39)
}
Call log:
-   - waiting for locator("li[class=\"text-white bg-primary cursor-pointer rounded-lg\"]")
]]>
            </message>
            <full-stacktrace>
              <![CDATA[com.microsoft.playwright.TimeoutError: Error {
  message='Timeout 30000ms exceeded.
  name='TimeoutError
  stack='TimeoutError: Timeout 30000ms exceeded.
    at ProgressController.run (C:\Users\Admin\AppData\Local\Temp\playwright-java-17670196142093356802\package\lib\server\progress.js:75:26)
    at Frame.check (C:\Users\Admin\AppData\Local\Temp\playwright-java-17670196142093356802\package\lib\server\frames.js:1215:23)
    at FrameDispatcher.check (C:\Users\Admin\AppData\Local\Temp\playwright-java-17670196142093356802\package\lib\server\dispatchers\frameDispatcher.js:255:30)
    at FrameDispatcher._handleCommand (C:\Users\Admin\AppData\Local\Temp\playwright-java-17670196142093356802\package\lib\server\dispatchers\dispatcher.js:94:40)
    at DispatcherConnection.dispatch (C:\Users\Admin\AppData\Local\Temp\playwright-java-17670196142093356802\package\lib\server\dispatchers\dispatcher.js:361:39)
}
Call log:
-   - waiting for locator("li[class=\"text-white bg-primary cursor-pointer rounded-lg\"]")

at com.microsoft.playwright.impl.WaitableResult.get(WaitableResult.java:52)
at com.microsoft.playwright.impl.ChannelOwner.runUntil(ChannelOwner.java:132)
at com.microsoft.playwright.impl.Connection.sendMessage(Connection.java:130)
at com.microsoft.playwright.impl.ChannelOwner.sendMessage(ChannelOwner.java:118)
at com.microsoft.playwright.impl.FrameImpl.checkImpl(FrameImpl.java:233)
at com.microsoft.playwright.impl.FrameImpl.lambda$check$7(FrameImpl.java:224)
at com.microsoft.playwright.impl.LoggingSupport.lambda$withLogging$0(LoggingSupport.java:36)
at com.microsoft.playwright.impl.LoggingSupport.withLogging(LoggingSupport.java:47)
at com.microsoft.playwright.impl.ChannelOwner.withLogging(ChannelOwner.java:97)
at com.microsoft.playwright.impl.LoggingSupport.withLogging(LoggingSupport.java:35)
at com.microsoft.playwright.impl.FrameImpl.check(FrameImpl.java:224)
at com.microsoft.playwright.impl.LocatorImpl.check(LocatorImpl.java:162)
at com.microsoft.playwright.Locator.check(Locator.java:2380)
at pageclass.EmployeePAge.empModule(EmployeePAge.java:27)
at LoginTest.EmployeeTest.empdata(EmployeeTest.java:19)
at java.base/jdk.internal.reflect.NativeMethodAccessorImpl.invoke0(Native Method)
at java.base/jdk.internal.reflect.NativeMethodAccessorImpl.invoke(NativeMethodAccessorImpl.java:77)
at java.base/jdk.internal.reflect.DelegatingMethodAccessorImpl.invoke(DelegatingMethodAccessorImpl.java:43)
at java.base/java.lang.reflect.Method.invoke(Method.java:568)
at org.testng.internal.invokers.MethodInvocationHelper.invokeMethod(MethodInvocationHelper.java:141)
at org.testng.internal.invokers.TestInvoker.invokeMethod(TestInvoker.java:687)
at org.testng.internal.invokers.TestInvoker.invokeTestMethod(TestInvoker.java:230)
at org.testng.internal.invokers.MethodRunner.runInSequence(MethodRunner.java:63)
at org.testng.internal.invokers.TestInvoker$MethodInvocationAgent.invoke(TestInvoker.java:995)
at org.testng.internal.invokers.TestInvoker.invokeTestMethods(TestInvoker.java:203)
at org.testng.internal.invokers.TestMethodWorker.invokeTestMethods(TestMethodWorker.java:154)
at org.testng.internal.invokers.TestMethodWorker.run(TestMethodWorker.java:134)
at java.base/java.util.ArrayList.forEach(ArrayList.java:1511)
at org.testng.TestRunner.privateRun(TestRunner.java:741)
at org.testng.TestRunner.run(TestRunner.java:616)
at org.testng.SuiteRunner.runTest(SuiteRunner.java:421)
at org.testng.SuiteRunner.runSequentially(SuiteRunner.java:413)
at org.testng.SuiteRunner.privateRun(SuiteRunner.java:373)
at org.testng.SuiteRunner.run(SuiteRunner.java:312)
at org.testng.SuiteRunnerWorker.runSuite(SuiteRunnerWorker.java:52)
at org.testng.SuiteRunnerWorker.run(SuiteRunnerWorker.java:95)
at org.testng.TestNG.runSuitesSequentially(TestNG.java:1274)
at org.testng.TestNG.runSuitesLocally(TestNG.java:1208)
at org.testng.TestNG.runSuites(TestNG.java:1112)
at org.testng.TestNG.run(TestNG.java:1079)
at org.testng.remote.AbstractRemoteTestNG.run(AbstractRemoteTestNG.java:115)
at org.testng.remote.RemoteTestNG.initAndRun(RemoteTestNG.java:293)
at org.testng.remote.RemoteTestNG.main(RemoteTestNG.java:91)
Caused by: com.microsoft.playwright.TimeoutError: Error {
  message='Timeout 30000ms exceeded.
  name='TimeoutError
  stack='TimeoutError: Timeout 30000ms exceeded.
    at ProgressController.run (C:\Users\Admin\AppData\Local\Temp\playwright-java-17670196142093356802\package\lib\server\progress.js:75:26)
    at Frame.check (C:\Users\Admin\AppData\Local\Temp\playwright-java-17670196142093356802\package\lib\server\frames.js:1215:23)
    at FrameDispatcher.check (C:\Users\Admin\AppData\Local\Temp\playwright-java-17670196142093356802\package\lib\server\dispatchers\frameDispatcher.js:255:30)
    at FrameDispatcher._handleCommand (C:\Users\Admin\AppData\Local\Temp\playwright-java-17670196142093356802\package\lib\server\dispatchers\dispatcher.js:94:40)
    at DispatcherConnection.dispatch (C:\Users\Admin\AppData\Local\Temp\playwright-java-17670196142093356802\package\lib\server\dispatchers\dispatcher.js:361:39)
}
Call log:
-   - waiting for locator("li[class=\"text-white bg-primary cursor-pointer rounded-lg\"]")

at com.microsoft.playwright.impl.Connection.dispatch(Connection.java:254)
at com.microsoft.playwright.impl.Connection.processOneMessage(Connection.java:211)
at com.microsoft.playwright.impl.ChannelOwner.runUntil(ChannelOwner.java:130)
... 41 more
]]>
            </full-stacktrace>
          </exception> <!-- com.microsoft.playwright.TimeoutError -->
          <reporter-output>
          </reporter-output>
        </test-method> <!-- empdata -->
        <test-method is-config="true" signature="teardwon()[pri:0, instance:LoginTest.EmployeeTest@7c7a06ec]" started-at="2026-06-25T15:43:13 IST" name="teardwon" finished-at="2026-06-25T15:43:13 IST" duration-ms="361" status="PASS">
          <reporter-output>
          </reporter-output>
        </test-method> <!-- teardwon -->
      </class> <!-- LoginTest.EmployeeTest -->
    </test> <!-- Default test -->
  </suite> <!-- Default suite -->
</testng-results>
