<?xml version="1.0" encoding="UTF-8"?>
<testng-results ignored="0" total="1" passed="0" failed="1" skipped="0">
  <reporter-output>
  </reporter-output>
  <suite started-at="2026-06-24T18:03:20 IST" name="Default suite" finished-at="2026-06-24T18:03:35 IST" duration-ms="14598">
    <groups>
    </groups>
    <test started-at="2026-06-24T18:03:20 IST" name="Default test" finished-at="2026-06-24T18:03:35 IST" duration-ms="14598">
      <class name="LoginTest.deshBoadTest">
        <test-method is-config="true" signature="setup()[pri:0, instance:LoginTest.deshBoadTest@3349e9bb]" started-at="2026-06-24T18:03:20 IST" name="setup" finished-at="2026-06-24T18:03:28 IST" duration-ms="8048" status="PASS">
          <reporter-output>
          </reporter-output>
        </test-method> <!-- setup -->
        <test-method signature="dealertTest()[pri:0, instance:LoginTest.deshBoadTest@3349e9bb]" started-at="2026-06-24T18:03:28 IST" name="dealertTest" finished-at="2026-06-24T18:03:35 IST" duration-ms="6184" status="FAIL">
          <exception class="com.microsoft.playwright.PlaywrightException">
            <message>
              <![CDATA[Error {
  message='Error: strict mode violation: getByText("dealers") resolved to 2 elements:
    1) <title>Dealers</title> aka getByText("Dealers", new Page.GetByTextOptions().setExact(true))
    2) <span class="uppercase text-[12px] ">dealers</span> aka getByText("dealers", new Page.GetByTextOptions().setExact(true))

  name='Error
  stack='Error: Error: strict mode violation: getByText("dealers") resolved to 2 elements:
    1) <title>Dealers</title> aka getByText("Dealers", new Page.GetByTextOptions().setExact(true))
    2) <span class="uppercase text-[12px] ">dealers</span> aka getByText("dealers", new Page.GetByTextOptions().setExact(true))

    at CRExecutionContext.evaluateWithArguments (C:\Users\Admin\AppData\Local\Temp\playwright-java-14984990251912509552\package\lib\server\chromium\crExecutionContext.js:79:33)
    at async LongStandingScope._race (C:\Users\Admin\AppData\Local\Temp\playwright-java-14984990251912509552\package\lib\utils\manualPromise.js:96:14)
    at async evaluateExpression (C:\Users\Admin\AppData\Local\Temp\playwright-java-14984990251912509552\package\lib\server\javascript.js:229:12)
    at async C:\Users\Admin\AppData\Local\Temp\playwright-java-14984990251912509552\package\lib\server\frames.js:965:22
    at async Frame.retryWithProgressAndTimeouts (C:\Users\Admin\AppData\Local\Temp\playwright-java-14984990251912509552\package\lib\server\frames.js:935:24)
    at async C:\Users\Admin\AppData\Local\Temp\playwright-java-14984990251912509552\package\lib\server\frames.js:1216:29
    at async ProgressController.run (C:\Users\Admin\AppData\Local\Temp\playwright-java-14984990251912509552\package\lib\server\progress.js:79:22)
    at async FrameDispatcher.check (C:\Users\Admin\AppData\Local\Temp\playwright-java-14984990251912509552\package\lib\server\dispatchers\frameDispatcher.js:255:12)
    at async LongStandingScope._race (C:\Users\Admin\AppData\Local\Temp\playwright-java-14984990251912509552\package\lib\utils\manualPromise.js:96:14)
    at async FrameDispatcher._handleCommand (C:\Users\Admin\AppData\Local\Temp\playwright-java-14984990251912509552\package\lib\server\dispatchers\dispatcher.js:96:14)
}
Call log:
-   - waiting for getByText("dealers")
]]>
            </message>
            <full-stacktrace>
              <![CDATA[com.microsoft.playwright.PlaywrightException: Error {
  message='Error: strict mode violation: getByText("dealers") resolved to 2 elements:
    1) <title>Dealers</title> aka getByText("Dealers", new Page.GetByTextOptions().setExact(true))
    2) <span class="uppercase text-[12px] ">dealers</span> aka getByText("dealers", new Page.GetByTextOptions().setExact(true))

  name='Error
  stack='Error: Error: strict mode violation: getByText("dealers") resolved to 2 elements:
    1) <title>Dealers</title> aka getByText("Dealers", new Page.GetByTextOptions().setExact(true))
    2) <span class="uppercase text-[12px] ">dealers</span> aka getByText("dealers", new Page.GetByTextOptions().setExact(true))

    at CRExecutionContext.evaluateWithArguments (C:\Users\Admin\AppData\Local\Temp\playwright-java-14984990251912509552\package\lib\server\chromium\crExecutionContext.js:79:33)
    at async LongStandingScope._race (C:\Users\Admin\AppData\Local\Temp\playwright-java-14984990251912509552\package\lib\utils\manualPromise.js:96:14)
    at async evaluateExpression (C:\Users\Admin\AppData\Local\Temp\playwright-java-14984990251912509552\package\lib\server\javascript.js:229:12)
    at async C:\Users\Admin\AppData\Local\Temp\playwright-java-14984990251912509552\package\lib\server\frames.js:965:22
    at async Frame.retryWithProgressAndTimeouts (C:\Users\Admin\AppData\Local\Temp\playwright-java-14984990251912509552\package\lib\server\frames.js:935:24)
    at async C:\Users\Admin\AppData\Local\Temp\playwright-java-14984990251912509552\package\lib\server\frames.js:1216:29
    at async ProgressController.run (C:\Users\Admin\AppData\Local\Temp\playwright-java-14984990251912509552\package\lib\server\progress.js:79:22)
    at async FrameDispatcher.check (C:\Users\Admin\AppData\Local\Temp\playwright-java-14984990251912509552\package\lib\server\dispatchers\frameDispatcher.js:255:12)
    at async LongStandingScope._race (C:\Users\Admin\AppData\Local\Temp\playwright-java-14984990251912509552\package\lib\utils\manualPromise.js:96:14)
    at async FrameDispatcher._handleCommand (C:\Users\Admin\AppData\Local\Temp\playwright-java-14984990251912509552\package\lib\server\dispatchers\dispatcher.js:96:14)
}
Call log:
-   - waiting for getByText("dealers")

at com.microsoft.playwright.impl.WaitableResult.get(WaitableResult.java:56)
at com.microsoft.playwright.impl.ChannelOwner.runUntil(ChannelOwner.java:132)
at com.microsoft.playwright.impl.Connection.sendMessage(Connection.java:130)
at com.microsoft.playwright.impl.ChannelOwner.sendMessage(ChannelOwner.java:118)
at com.microsoft.playwright.impl.FrameImpl.checkImpl(FrameImpl.java:233)
at com.microsoft.playwright.impl.FrameImpl.lambda$check$7(FrameImpl.java:224)
at com.microsoft.playwright.impl.LoggingSupport.lambda$withLogging$0(LoggingSupport.java:36)
at com.microsoft.playwright.impl.LoggingSupport.withLogging(LoggingSupport.java:47)
at com.microsoft.playwright.impl.ChannelOwner.withLogging(ChannelOwner.java:97)
at com.microsoft.playwright.impl.LoggingSupport.withLogging(LoggingSupport.java:35)
at com.microsoft.playwright.impl.FrameImpl.check(FrameImpl.java:224)
at com.microsoft.playwright.impl.LocatorImpl.check(LocatorImpl.java:162)
at com.microsoft.playwright.Locator.check(Locator.java:2380)
at pageclass.deshBoadPage.dealerpage(deshBoadPage.java:33)
at LoginTest.deshBoadTest.dealertTest(deshBoadTest.java:22)
at java.base/jdk.internal.reflect.NativeMethodAccessorImpl.invoke0(Native Method)
at java.base/jdk.internal.reflect.NativeMethodAccessorImpl.invoke(NativeMethodAccessorImpl.java:77)
at java.base/jdk.internal.reflect.DelegatingMethodAccessorImpl.invoke(DelegatingMethodAccessorImpl.java:43)
at java.base/java.lang.reflect.Method.invoke(Method.java:568)
at org.testng.internal.invokers.MethodInvocationHelper.invokeMethod(MethodInvocationHelper.java:141)
at org.testng.internal.invokers.TestInvoker.invokeMethod(TestInvoker.java:687)
at org.testng.internal.invokers.TestInvoker.invokeTestMethod(TestInvoker.java:230)
at org.testng.internal.invokers.MethodRunner.runInSequence(MethodRunner.java:63)
at org.testng.internal.invokers.TestInvoker$MethodInvocationAgent.invoke(TestInvoker.java:995)
at org.testng.internal.invokers.TestInvoker.invokeTestMethods(TestInvoker.java:203)
at org.testng.internal.invokers.TestMethodWorker.invokeTestMethods(TestMethodWorker.java:154)
at org.testng.internal.invokers.TestMethodWorker.run(TestMethodWorker.java:134)
at java.base/java.util.ArrayList.forEach(ArrayList.java:1511)
at org.testng.TestRunner.privateRun(TestRunner.java:741)
at org.testng.TestRunner.run(TestRunner.java:616)
at org.testng.SuiteRunner.runTest(SuiteRunner.java:421)
at org.testng.SuiteRunner.runSequentially(SuiteRunner.java:413)
at org.testng.SuiteRunner.privateRun(SuiteRunner.java:373)
at org.testng.SuiteRunner.run(SuiteRunner.java:312)
at org.testng.SuiteRunnerWorker.runSuite(SuiteRunnerWorker.java:52)
at org.testng.SuiteRunnerWorker.run(SuiteRunnerWorker.java:95)
at org.testng.TestNG.runSuitesSequentially(TestNG.java:1274)
at org.testng.TestNG.runSuitesLocally(TestNG.java:1208)
at org.testng.TestNG.runSuites(TestNG.java:1112)
at org.testng.TestNG.run(TestNG.java:1079)
at org.testng.remote.AbstractRemoteTestNG.run(AbstractRemoteTestNG.java:115)
at org.testng.remote.RemoteTestNG.initAndRun(RemoteTestNG.java:293)
at org.testng.remote.RemoteTestNG.main(RemoteTestNG.java:91)
Caused by: com.microsoft.playwright.impl.DriverException: Error {
  message='Error: strict mode violation: getByText("dealers") resolved to 2 elements:
    1) <title>Dealers</title> aka getByText("Dealers", new Page.GetByTextOptions().setExact(true))
    2) <span class="uppercase text-[12px] ">dealers</span> aka getByText("dealers", new Page.GetByTextOptions().setExact(true))

  name='Error
  stack='Error: Error: strict mode violation: getByText("dealers") resolved to 2 elements:
    1) <title>Dealers</title> aka getByText("Dealers", new Page.GetByTextOptions().setExact(true))
    2) <span class="uppercase text-[12px] ">dealers</span> aka getByText("dealers", new Page.GetByTextOptions().setExact(true))

    at CRExecutionContext.evaluateWithArguments (C:\Users\Admin\AppData\Local\Temp\playwright-java-14984990251912509552\package\lib\server\chromium\crExecutionContext.js:79:33)
    at async LongStandingScope._race (C:\Users\Admin\AppData\Local\Temp\playwright-java-14984990251912509552\package\lib\utils\manualPromise.js:96:14)
    at async evaluateExpression (C:\Users\Admin\AppData\Local\Temp\playwright-java-14984990251912509552\package\lib\server\javascript.js:229:12)
    at async C:\Users\Admin\AppData\Local\Temp\playwright-java-14984990251912509552\package\lib\server\frames.js:965:22
    at async Frame.retryWithProgressAndTimeouts (C:\Users\Admin\AppData\Local\Temp\playwright-java-14984990251912509552\package\lib\server\frames.js:935:24)
    at async C:\Users\Admin\AppData\Local\Temp\playwright-java-14984990251912509552\package\lib\server\frames.js:1216:29
    at async ProgressController.run (C:\Users\Admin\AppData\Local\Temp\playwright-java-14984990251912509552\package\lib\server\progress.js:79:22)
    at async FrameDispatcher.check (C:\Users\Admin\AppData\Local\Temp\playwright-java-14984990251912509552\package\lib\server\dispatchers\frameDispatcher.js:255:12)
    at async LongStandingScope._race (C:\Users\Admin\AppData\Local\Temp\playwright-java-14984990251912509552\package\lib\utils\manualPromise.js:96:14)
    at async FrameDispatcher._handleCommand (C:\Users\Admin\AppData\Local\Temp\playwright-java-14984990251912509552\package\lib\server\dispatchers\dispatcher.js:96:14)
}
Call log:
-   - waiting for getByText("dealers")

at com.microsoft.playwright.impl.Connection.dispatch(Connection.java:259)
at com.microsoft.playwright.impl.Connection.processOneMessage(Connection.java:211)
at com.microsoft.playwright.impl.ChannelOwner.runUntil(ChannelOwner.java:130)
... 41 more
]]>
            </full-stacktrace>
          </exception> <!-- com.microsoft.playwright.PlaywrightException -->
          <reporter-output>
          </reporter-output>
        </test-method> <!-- dealertTest -->
        <test-method is-config="true" signature="teardwon()[pri:0, instance:LoginTest.deshBoadTest@3349e9bb]" started-at="2026-06-24T18:03:35 IST" name="teardwon" finished-at="2026-06-24T18:03:35 IST" duration-ms="311" status="PASS">
          <reporter-output>
          </reporter-output>
        </test-method> <!-- teardwon -->
      </class> <!-- LoginTest.deshBoadTest -->
    </test> <!-- Default test -->
  </suite> <!-- Default suite -->
</testng-results>
