<?xml version="1.0" encoding="UTF-8"?>
<!-- Generated by org.testng.reporters.JUnitReportReporter -->
<testsuite hostname="SYAA-DT-070" failures="0" tests="1" name="LoginTest.LaunchTest" time="54.227" errors="1" timestamp="2026-06-23T16:51:04 IST" skipped="0">
  <testcase classname="LoginTest.LaunchTest" name="website" time="54.227">
    <error message="Error {
  message=&#039;Timeout 30000ms exceeded.
  name=&#039;TimeoutError
  stack=&#039;TimeoutError: Timeout 30000ms exceeded.
    at ProgressController.run (C:\Users\Admin\AppData\Local\Temp\playwright-java-17407579015695444909\package\lib\server\progress.js:75:26)
    at Frame.fill (C:\Users\Admin\AppData\Local\Temp\playwright-java-17407579015695444909\package\lib\server\frames.js:1072:23)
    at FrameDispatcher.fill (C:\Users\Admin\AppData\Local\Temp\playwright-java-17407579015695444909\package\lib\server\dispatchers\frameDispatcher.js:170:30)
    at FrameDispatcher._handleCommand (C:\Users\Admin\AppData\Local\Temp\playwright-java-17407579015695444909\package\lib\server\dispatchers\dispatcher.js:94:40)
    at DispatcherConnection.dispatch (C:\Users\Admin\AppData\Local\Temp\playwright-java-17407579015695444909\package\lib\server\dispatchers\dispatcher.js:361:39)
}
Call log:
-   - waiting for getByPlaceholder(&quot;Search&quot;)
" type="com.microsoft.playwright.TimeoutError">
      <![CDATA[com.microsoft.playwright.TimeoutError: Error {
  message='Timeout 30000ms exceeded.
  name='TimeoutError
  stack='TimeoutError: Timeout 30000ms exceeded.
    at ProgressController.run (C:\Users\Admin\AppData\Local\Temp\playwright-java-17407579015695444909\package\lib\server\progress.js:75:26)
    at Frame.fill (C:\Users\Admin\AppData\Local\Temp\playwright-java-17407579015695444909\package\lib\server\frames.js:1072:23)
    at FrameDispatcher.fill (C:\Users\Admin\AppData\Local\Temp\playwright-java-17407579015695444909\package\lib\server\dispatchers\frameDispatcher.js:170:30)
    at FrameDispatcher._handleCommand (C:\Users\Admin\AppData\Local\Temp\playwright-java-17407579015695444909\package\lib\server\dispatchers\dispatcher.js:94:40)
    at DispatcherConnection.dispatch (C:\Users\Admin\AppData\Local\Temp\playwright-java-17407579015695444909\package\lib\server\dispatchers\dispatcher.js:361:39)
}
Call log:
-   - waiting for getByPlaceholder("Search")

at com.microsoft.playwright.impl.WaitableResult.get(WaitableResult.java:52)
at com.microsoft.playwright.impl.ChannelOwner.runUntil(ChannelOwner.java:132)
at com.microsoft.playwright.impl.Connection.sendMessage(Connection.java:130)
at com.microsoft.playwright.impl.ChannelOwner.sendMessage(ChannelOwner.java:118)
at com.microsoft.playwright.impl.FrameImpl.fillImpl(FrameImpl.java:335)
at com.microsoft.playwright.impl.FrameImpl.lambda$fill$14(FrameImpl.java:325)
at com.microsoft.playwright.impl.LoggingSupport.lambda$withLogging$0(LoggingSupport.java:36)
at com.microsoft.playwright.impl.LoggingSupport.withLogging(LoggingSupport.java:47)
at com.microsoft.playwright.impl.ChannelOwner.withLogging(ChannelOwner.java:97)
at com.microsoft.playwright.impl.LoggingSupport.withLogging(LoggingSupport.java:35)
at com.microsoft.playwright.impl.FrameImpl.fill(FrameImpl.java:325)
at com.microsoft.playwright.impl.LocatorImpl.fill(LocatorImpl.java:250)
at com.microsoft.playwright.Locator.fill(Locator.java:3075)
at LoginTest.LaunchTest.website(LaunchTest.java:88)
at java.base/jdk.internal.reflect.NativeMethodAccessorImpl.invoke0(Native Method)
at java.base/jdk.internal.reflect.NativeMethodAccessorImpl.invoke(NativeMethodAccessorImpl.java:77)
at java.base/jdk.internal.reflect.DelegatingMethodAccessorImpl.invoke(DelegatingMethodAccessorImpl.java:43)
at java.base/java.lang.reflect.Method.invoke(Method.java:568)
at org.testng.internal.invokers.MethodInvocationHelper.invokeMethod(MethodInvocationHelper.java:141)
at org.testng.internal.invokers.TestInvoker.invokeMethod(TestInvoker.java:687)
at org.testng.internal.invokers.TestInvoker.invokeTestMethod(TestInvoker.java:230)
at org.testng.internal.invokers.MethodRunner.runInSequence(MethodRunner.java:63)
at org.testng.internal.invokers.TestInvoker$MethodInvocationAgent.invoke(TestInvoker.java:995)
at org.testng.internal.invokers.TestInvoker.invokeTestMethods(TestInvoker.java:203)
at org.testng.internal.invokers.TestMethodWorker.invokeTestMethods(TestMethodWorker.java:154)
at org.testng.internal.invokers.TestMethodWorker.run(TestMethodWorker.java:134)
at java.base/java.util.ArrayList.forEach(ArrayList.java:1511)
at org.testng.TestRunner.privateRun(TestRunner.java:741)
at org.testng.TestRunner.run(TestRunner.java:616)
at org.testng.SuiteRunner.runTest(SuiteRunner.java:421)
at org.testng.SuiteRunner.runSequentially(SuiteRunner.java:413)
at org.testng.SuiteRunner.privateRun(SuiteRunner.java:373)
at org.testng.SuiteRunner.run(SuiteRunner.java:312)
at org.testng.SuiteRunnerWorker.runSuite(SuiteRunnerWorker.java:52)
at org.testng.SuiteRunnerWorker.run(SuiteRunnerWorker.java:95)
at org.testng.TestNG.runSuitesSequentially(TestNG.java:1274)
at org.testng.TestNG.runSuitesLocally(TestNG.java:1208)
at org.testng.TestNG.runSuites(TestNG.java:1112)
at org.testng.TestNG.run(TestNG.java:1079)
at org.testng.remote.AbstractRemoteTestNG.run(AbstractRemoteTestNG.java:115)
at org.testng.remote.RemoteTestNG.initAndRun(RemoteTestNG.java:293)
at org.testng.remote.RemoteTestNG.main(RemoteTestNG.java:91)
Caused by: com.microsoft.playwright.TimeoutError: Error {
  message='Timeout 30000ms exceeded.
  name='TimeoutError
  stack='TimeoutError: Timeout 30000ms exceeded.
    at ProgressController.run (C:\Users\Admin\AppData\Local\Temp\playwright-java-17407579015695444909\package\lib\server\progress.js:75:26)
    at Frame.fill (C:\Users\Admin\AppData\Local\Temp\playwright-java-17407579015695444909\package\lib\server\frames.js:1072:23)
    at FrameDispatcher.fill (C:\Users\Admin\AppData\Local\Temp\playwright-java-17407579015695444909\package\lib\server\dispatchers\frameDispatcher.js:170:30)
    at FrameDispatcher._handleCommand (C:\Users\Admin\AppData\Local\Temp\playwright-java-17407579015695444909\package\lib\server\dispatchers\dispatcher.js:94:40)
    at DispatcherConnection.dispatch (C:\Users\Admin\AppData\Local\Temp\playwright-java-17407579015695444909\package\lib\server\dispatchers\dispatcher.js:361:39)
}
Call log:
-   - waiting for getByPlaceholder("Search")

at com.microsoft.playwright.impl.Connection.dispatch(Connection.java:254)
at com.microsoft.playwright.impl.Connection.processOneMessage(Connection.java:211)
at com.microsoft.playwright.impl.ChannelOwner.runUntil(ChannelOwner.java:130)
... 40 more
]]>
    </error>
  </testcase> <!-- website -->
</testsuite> <!-- LoginTest.LaunchTest -->
